[debug] [2025-06-23T00:30:28.214Z] ----------------------------------------------------------------------
[debug] [2025-06-23T00:30:28.222Z] Command:       C:\Program Files\nodejs\node.exe C:\Users\Sahil\AppData\Roaming\npm\node_modules\firebase-tools\lib\bin\firebase.js init
[debug] [2025-06-23T00:30:28.223Z] CLI Version:   14.8.0
[debug] [2025-06-23T00:30:28.224Z] Platform:      win32
[debug] [2025-06-23T00:30:28.224Z] Node Version:  v22.9.0
[debug] [2025-06-23T00:30:28.225Z] Time:          Mon Jun 23 2025 12:30:28 GMT+1200 (New Zealand Standard Time)
[debug] [2025-06-23T00:30:28.225Z] ----------------------------------------------------------------------
[debug] 
[debug] [2025-06-23T00:30:28.232Z] >>> [apiv2][query] GET https://firebase-public.firebaseio.com/cli.json [none]
[debug] [2025-06-23T00:30:28.396Z] > command requires scopes: ["email","openid","https://www.googleapis.com/auth/cloudplatformprojects.readonly","https://www.googleapis.com/auth/firebase","https://www.googleapis.com/auth/cloud-platform"]
[debug] [2025-06-23T00:30:28.397Z] > authorizing via signed-in user (sahilchangani40@gmail.com)
[info] 
     ######## #### ########  ######## ########     ###     ######  ########
     ##        ##  ##     ## ##       ##     ##  ##   ##  ##       ##
     ######    ##  ########  ######   ########  #########  ######  ######
     ##        ##  ##    ##  ##       ##     ## ##     ##       ## ##
     ##       #### ##     ## ######## ########  ##     ##  ######  ########

You're about to initialize a Firebase project in this directory:

  C:\OP\Studio 3\rental_haven\Room-Rental-App

Before we get started, keep in mind:

  * You are currently outside your home directory

[debug] [2025-06-23T00:30:28.918Z] <<< [apiv2][status] GET https://firebase-public.firebaseio.com/cli.json 200
[debug] [2025-06-23T00:30:28.919Z] <<< [apiv2][body] GET https://firebase-public.firebaseio.com/cli.json {"cloudBuildErrorAfter":1594252800000,"cloudBuildWarnAfter":1590019200000,"defaultNode10After":1594252800000,"minVersion":"3.0.5","node8DeploysDisabledAfter":1613390400000,"node8RuntimeDisabledAfter":1615809600000,"node8WarnAfter":1600128000000}
